	Command being timed: "mpirun -np 2 ./mandelbrot_hybrid"
	User time (seconds): 1.26
	System time (seconds): 1.49
	Percent of CPU this job got: 46%
	Elapsed (wall clock) time (h:mm:ss or m:ss): 0:05.94
	Average shared text size (kbytes): 0
	Average unshared data size (kbytes): 0
	Average stack size (kbytes): 0
	Average total size (kbytes): 0
	Maximum resident set size (kbytes): 211360
	Average resident set size (kbytes): 0
	Major (requiring I/O) page faults: 111
	Minor (reclaiming a frame) page faults: 81734
	Voluntary context switches: 7355
	Involuntary context switches: 986
	Swaps: 0
	File system inputs: 57344
	File system outputs: 16392
	Socket messages sent: 0
	Socket messages received: 0
	Signals delivered: 0
	Page size (bytes): 4096
	Exit status: 0
	Command being timed: "mpirun -np 2 ./mandelbrot_hybrid"
	User time (seconds): 1.11
	System time (seconds): 0.97
	Percent of CPU this job got: 54%
	Elapsed (wall clock) time (h:mm:ss or m:ss): 0:03.83
	Average shared text size (kbytes): 0
	Average unshared data size (kbytes): 0
	Average stack size (kbytes): 0
	Average total size (kbytes): 0
	Maximum resident set size (kbytes): 211552
	Average resident set size (kbytes): 0
	Major (requiring I/O) page faults: 1
	Minor (reclaiming a frame) page faults: 78291
	Voluntary context switches: 7035
	Involuntary context switches: 812
	Swaps: 0
	File system inputs: 0
	File system outputs: 16392
	Socket messages sent: 0
	Socket messages received: 0
	Signals delivered: 0
	Page size (bytes): 4096
	Exit status: 0
	Command being timed: "mpirun -np 4 ./mandelbrot_hybrid"
	User time (seconds): 2.15
	System time (seconds): 2.02
	Percent of CPU this job got: 108%
	Elapsed (wall clock) time (h:mm:ss or m:ss): 0:03.85
	Average shared text size (kbytes): 0
	Average unshared data size (kbytes): 0
	Average stack size (kbytes): 0
	Average total size (kbytes): 0
	Maximum resident set size (kbytes): 209140
	Average resident set size (kbytes): 0
	Major (requiring I/O) page faults: 2
	Minor (reclaiming a frame) page faults: 148257
	Voluntary context switches: 14352
	Involuntary context switches: 256
	Swaps: 0
	File system inputs: 0
	File system outputs: 16392
	Socket messages sent: 0
	Socket messages received: 0
	Signals delivered: 0
	Page size (bytes): 4096
	Exit status: 0
	Command being timed: "mpirun -np 4 ./mandelbrot_hybrid"
	User time (seconds): 1.83
	System time (seconds): 1.99
	Percent of CPU this job got: 107%
	Elapsed (wall clock) time (h:mm:ss or m:ss): 0:03.57
	Average shared text size (kbytes): 0
	Average unshared data size (kbytes): 0
	Average stack size (kbytes): 0
	Average total size (kbytes): 0
	Maximum resident set size (kbytes): 208804
	Average resident set size (kbytes): 0
	Major (requiring I/O) page faults: 7
	Minor (reclaiming a frame) page faults: 148378
	Voluntary context switches: 14524
	Involuntary context switches: 255
	Swaps: 0
	File system inputs: 0
	File system outputs: 16392
	Socket messages sent: 0
	Socket messages received: 0
	Signals delivered: 0
	Page size (bytes): 4096
	Exit status: 0
	Command being timed: "mpirun -np 8 ./mandelbrot_hybrid"
	User time (seconds): 3.22
	System time (seconds): 3.75
	Percent of CPU this job got: 187%
	Elapsed (wall clock) time (h:mm:ss or m:ss): 0:03.72
	Average shared text size (kbytes): 0
	Average unshared data size (kbytes): 0
	Average stack size (kbytes): 0
	Average total size (kbytes): 0
	Maximum resident set size (kbytes): 185520
	Average resident set size (kbytes): 0
	Major (requiring I/O) page faults: 29
	Minor (reclaiming a frame) page faults: 286814
	Voluntary context switches: 34270
	Involuntary context switches: 484
	Swaps: 0
	File system inputs: 0
	File system outputs: 16392
	Socket messages sent: 0
	Socket messages received: 0
	Signals delivered: 0
	Page size (bytes): 4096
	Exit status: 0
	Command being timed: "mpirun -np 8 ./mandelbrot_hybrid"
	User time (seconds): 2.60
	System time (seconds): 3.96
	Percent of CPU this job got: 189%
	Elapsed (wall clock) time (h:mm:ss or m:ss): 0:03.47
	Average shared text size (kbytes): 0
	Average unshared data size (kbytes): 0
	Average stack size (kbytes): 0
	Average total size (kbytes): 0
	Maximum resident set size (kbytes): 185300
	Average resident set size (kbytes): 0
	Major (requiring I/O) page faults: 7
	Minor (reclaiming a frame) page faults: 286807
	Voluntary context switches: 32929
	Involuntary context switches: 479
	Swaps: 0
	File system inputs: 0
	File system outputs: 16392
	Socket messages sent: 0
	Socket messages received: 0
	Signals delivered: 0
	Page size (bytes): 4096
	Exit status: 0
	Command being timed: "mpirun -np 16 ./mandelbrot_hybrid"
	User time (seconds): 3.51
	System time (seconds): 5.74
	Percent of CPU this job got: 258%
	Elapsed (wall clock) time (h:mm:ss or m:ss): 0:03.57
	Average shared text size (kbytes): 0
	Average unshared data size (kbytes): 0
	Average stack size (kbytes): 0
	Average total size (kbytes): 0
	Maximum resident set size (kbytes): 202304
	Average resident set size (kbytes): 0
	Major (requiring I/O) page faults: 32
	Minor (reclaiming a frame) page faults: 426808
	Voluntary context switches: 56238
	Involuntary context switches: 899
	Swaps: 0
	File system inputs: 0
	File system outputs: 16392
	Socket messages sent: 0
	Socket messages received: 0
	Signals delivered: 0
	Page size (bytes): 4096
	Exit status: 0
	Command being timed: "mpirun -np 16 ./mandelbrot_hybrid"
	User time (seconds): 3.04
	System time (seconds): 5.75
	Percent of CPU this job got: 255%
	Elapsed (wall clock) time (h:mm:ss or m:ss): 0:03.44
	Average shared text size (kbytes): 0
	Average unshared data size (kbytes): 0
	Average stack size (kbytes): 0
	Average total size (kbytes): 0
	Maximum resident set size (kbytes): 202672
	Average resident set size (kbytes): 0
	Major (requiring I/O) page faults: 18
	Minor (reclaiming a frame) page faults: 426925
	Voluntary context switches: 51654
	Involuntary context switches: 702
	Swaps: 0
	File system inputs: 0
	File system outputs: 16392
	Socket messages sent: 0
	Socket messages received: 0
	Signals delivered: 0
	Page size (bytes): 4096
	Exit status: 0
free(): invalid next size (normal)
[thin005:596228] *** Process received signal ***
[thin005:596228] Signal: Aborted (6)
[thin005:596228] Signal code:  (-6)
[thin005:596228] [ 0] /lib64/libc.so.6(+0x3cb60)[0x7f3e644d1b60]
[thin005:596228] [ 1] /lib64/libc.so.6(+0x8cecc)[0x7f3e64521ecc]
[thin005:596228] [ 2] /lib64/libc.so.6(gsignal+0x16)[0x7f3e644d1ab6]
[thin005:596228] [ 3] /lib64/libc.so.6(abort+0xd7)[0x7f3e644bb7fc]
[thin005:596228] [ 4] /lib64/libc.so.6(+0x810fe)[0x7f3e645160fe]
[thin005:596228] [ 5] /lib64/libc.so.6(+0x96c0c)[0x7f3e6452bc0c]
[thin005:596228] [ 6] /lib64/libc.so.6(+0x98b9c)[0x7f3e6452db9c]
[thin005:596228] [ 7] /lib64/libc.so.6(__libc_free+0x73)[0x7f3e645303d3]
[thin005:596228] [ 8] ./mandelbrot_hybrid[0x40165e]
[thin005:596228] [ 9] /lib64/libc.so.6(+0x27550)[0x7f3e644bc550]
[thin005:596228] [10] /lib64/libc.so.6(__libc_start_main+0x89)[0x7f3e644bc609]
[thin005:596228] [11] ./mandelbrot_hybrid[0x401165]
[thin005:596228] *** End of error message ***
--------------------------------------------------------------------------
Primary job  terminated normally, but 1 process returned
a non-zero exit code. Per user-direction, the job has been aborted.
--------------------------------------------------------------------------
--------------------------------------------------------------------------
mpirun noticed that process rank 0 with PID 0 on node thin005 exited on signal 6 (Aborted).
--------------------------------------------------------------------------
Command exited with non-zero status 134
	Command being timed: "mpirun -np 24 ./mandelbrot_hybrid"
	User time (seconds): 10.95
	System time (seconds): 9.76
	Percent of CPU this job got: 399%
	Elapsed (wall clock) time (h:mm:ss or m:ss): 0:05.17
	Average shared text size (kbytes): 0
	Average unshared data size (kbytes): 0
	Average stack size (kbytes): 0
	Average total size (kbytes): 0
	Maximum resident set size (kbytes): 227896
	Average resident set size (kbytes): 0
	Major (requiring I/O) page faults: 26
	Minor (reclaiming a frame) page faults: 430566
	Voluntary context switches: 96525
	Involuntary context switches: 895
	Swaps: 0
	File system inputs: 0
	File system outputs: 16400
	Socket messages sent: 0
	Socket messages received: 0
	Signals delivered: 0
	Page size (bytes): 4096
	Exit status: 134
free(): invalid next size (normal)
[thin005:596316] *** Process received signal ***
[thin005:596316] Signal: Aborted (6)
[thin005:596316] Signal code:  (-6)
[thin005:596316] [ 0] /lib64/libc.so.6(+0x3cb60)[0x7faf73eccb60]
[thin005:596316] [ 1] /lib64/libc.so.6(+0x8cecc)[0x7faf73f1cecc]
[thin005:596316] [ 2] /lib64/libc.so.6(gsignal+0x16)[0x7faf73eccab6]
[thin005:596316] [ 3] /lib64/libc.so.6(abort+0xd7)[0x7faf73eb67fc]
[thin005:596316] [ 4] /lib64/libc.so.6(+0x810fe)[0x7faf73f110fe]
[thin005:596316] [ 5] /lib64/libc.so.6(+0x96c0c)[0x7faf73f26c0c]
[thin005:596316] [ 6] /lib64/libc.so.6(+0x98b9c)[0x7faf73f28b9c]
[thin005:596316] [ 7] /lib64/libc.so.6(__libc_free+0x73)[0x7faf73f2b3d3]
[thin005:596316] [ 8] ./mandelbrot_hybrid[0x40165e]
[thin005:596316] [ 9] /lib64/libc.so.6(+0x27550)[0x7faf73eb7550]
[thin005:596316] [10] /lib64/libc.so.6(__libc_start_main+0x89)[0x7faf73eb7609]
[thin005:596316] [11] ./mandelbrot_hybrid[0x401165]
[thin005:596316] *** End of error message ***
--------------------------------------------------------------------------
Primary job  terminated normally, but 1 process returned
a non-zero exit code. Per user-direction, the job has been aborted.
--------------------------------------------------------------------------
--------------------------------------------------------------------------
mpirun noticed that process rank 0 with PID 0 on node thin005 exited on signal 6 (Aborted).
--------------------------------------------------------------------------
Command exited with non-zero status 134
	Command being timed: "mpirun -np 24 ./mandelbrot_hybrid"
	User time (seconds): 10.94
	System time (seconds): 9.66
	Percent of CPU this job got: 402%
	Elapsed (wall clock) time (h:mm:ss or m:ss): 0:05.12
	Average shared text size (kbytes): 0
	Average unshared data size (kbytes): 0
	Average stack size (kbytes): 0
	Average total size (kbytes): 0
	Maximum resident set size (kbytes): 227992
	Average resident set size (kbytes): 0
	Major (requiring I/O) page faults: 34
	Minor (reclaiming a frame) page faults: 430405
	Voluntary context switches: 94366
	Involuntary context switches: 763
	Swaps: 0
	File system inputs: 0
	File system outputs: 16392
	Socket messages sent: 0
	Socket messages received: 0
	Signals delivered: 0
	Page size (bytes): 4096
	Exit status: 134
