	Command being timed: "mpirun -np 48 ./mandelbrot_mpi_omp"
	User time (seconds): 5.24
	System time (seconds): 10.71
	Percent of CPU this job got: 491%
	Elapsed (wall clock) time (h:mm:ss or m:ss): 0:03.24
	Average shared text size (kbytes): 0
	Average unshared data size (kbytes): 0
	Average stack size (kbytes): 0
	Average total size (kbytes): 0
	Maximum resident set size (kbytes): 206288
	Average resident set size (kbytes): 0
	Major (requiring I/O) page faults: 38
	Minor (reclaiming a frame) page faults: 846941
	Voluntary context switches: 142269
	Involuntary context switches: 5513
	Swaps: 0
	File system inputs: 8
	File system outputs: 16392
	Socket messages sent: 0
	Socket messages received: 0
	Signals delivered: 0
	Page size (bytes): 4096
	Exit status: 0
