	Command being timed: "./mandelbrot_scal_omp1"
	User time (seconds): 0.99
	System time (seconds): 0.73
	Percent of CPU this job got: 30%
	Elapsed (wall clock) time (ss): 05.76
	Average shared text size (kbytes): 0
	Average unshared data size (kbytes): 0
	Average stack size (kbytes): 0
	Average total size (kbytes): 0
	Maximum resident set size (kbytes): 214680
	Average resident set size (kbytes): 0
	Major (requiring I/O) page faults: 48
	Minor (reclaiming a frame) page faults: 41237
	Voluntary context switches: 3452
	Involuntary context switches: 184
	Swaps: 0
	File system inputs: 0
	File system outputs: 16400
	Socket messages sent: 0
	Socket messages received: 0
	Signals delivered: 0
	Page size (bytes): 4096
	Exit status: 0
	Command being timed: "./mandelbrot_scal_omp2"
	User time (seconds): 0.90
	System time (seconds): 0.50
	Percent of CPU this job got: 54%
	Elapsed (wall clock) time (ss): 02.60
	Average shared text size (kbytes): 0
	Average unshared data size (kbytes): 0
	Average stack size (kbytes): 0
	Average total size (kbytes): 0
	Maximum resident set size (kbytes): 214968
	Average resident set size (kbytes): 0
	Major (requiring I/O) page faults: 0
	Minor (reclaiming a frame) page faults: 39054
	Voluntary context switches: 3316
	Involuntary context switches: 41
	Swaps: 0
	File system inputs: 0
	File system outputs: 16392
	Socket messages sent: 0
	Socket messages received: 0
	Signals delivered: 0
	Page size (bytes): 4096
	Exit status: 0
	Command being timed: "./mandelbrot_scal_omp4"
	User time (seconds): 0.95
	System time (seconds): 0.52
	Percent of CPU this job got: 60%
	Elapsed (wall clock) time (ss): 02.45
	Average shared text size (kbytes): 0
	Average unshared data size (kbytes): 0
	Average stack size (kbytes): 0
	Average total size (kbytes): 0
	Maximum resident set size (kbytes): 214944
	Average resident set size (kbytes): 0
	Major (requiring I/O) page faults: 0
	Minor (reclaiming a frame) page faults: 38914
	Voluntary context switches: 3330
	Involuntary context switches: 44
	Swaps: 0
	File system inputs: 0
	File system outputs: 16400
	Socket messages sent: 0
	Socket messages received: 0
	Signals delivered: 0
	Page size (bytes): 4096
	Exit status: 0
	Command being timed: "./mandelbrot_scal_omp8"
	User time (seconds): 1.01
	System time (seconds): 0.55
	Percent of CPU this job got: 65%
	Elapsed (wall clock) time (ss): 02.39
	Average shared text size (kbytes): 0
	Average unshared data size (kbytes): 0
	Average stack size (kbytes): 0
	Average total size (kbytes): 0
	Maximum resident set size (kbytes): 214944
	Average resident set size (kbytes): 0
	Major (requiring I/O) page faults: 0
	Minor (reclaiming a frame) page faults: 38899
	Voluntary context switches: 3400
	Involuntary context switches: 42
	Swaps: 0
	File system inputs: 0
	File system outputs: 16392
	Socket messages sent: 0
	Socket messages received: 0
	Signals delivered: 0
	Page size (bytes): 4096
	Exit status: 0
	Command being timed: "./mandelbrot_scal_omp12"
	User time (seconds): 1.10
	System time (seconds): 0.57
	Percent of CPU this job got: 68%
	Elapsed (wall clock) time (ss): 02.43
	Average shared text size (kbytes): 0
	Average unshared data size (kbytes): 0
	Average stack size (kbytes): 0
	Average total size (kbytes): 0
	Maximum resident set size (kbytes): 213860
	Average resident set size (kbytes): 0
	Major (requiring I/O) page faults: 0
	Minor (reclaiming a frame) page faults: 38907
	Voluntary context switches: 3887
	Involuntary context switches: 59
	Swaps: 0
	File system inputs: 0
	File system outputs: 16392
	Socket messages sent: 0
	Socket messages received: 0
	Signals delivered: 0
	Page size (bytes): 4096
	Exit status: 0
	Command being timed: "./mandelbrot_scal_omp16"
	User time (seconds): 1.17
	System time (seconds): 0.57
	Percent of CPU this job got: 71%
	Elapsed (wall clock) time (ss): 02.44
	Average shared text size (kbytes): 0
	Average unshared data size (kbytes): 0
	Average stack size (kbytes): 0
	Average total size (kbytes): 0
	Maximum resident set size (kbytes): 213416
	Average resident set size (kbytes): 0
	Major (requiring I/O) page faults: 0
	Minor (reclaiming a frame) page faults: 38932
	Voluntary context switches: 4185
	Involuntary context switches: 46
	Swaps: 0
	File system inputs: 0
	File system outputs: 16400
	Socket messages sent: 0
	Socket messages received: 0
	Signals delivered: 0
	Page size (bytes): 4096
	Exit status: 0
	Command being timed: "./mandelbrot_scal_omp20"
	User time (seconds): 1.23
	System time (seconds): 0.66
	Percent of CPU this job got: 75%
	Elapsed (wall clock) time (ss): 02.52
	Average shared text size (kbytes): 0
	Average unshared data size (kbytes): 0
	Average stack size (kbytes): 0
	Average total size (kbytes): 0
	Maximum resident set size (kbytes): 213408
	Average resident set size (kbytes): 0
	Major (requiring I/O) page faults: 0
	Minor (reclaiming a frame) page faults: 38923
	Voluntary context switches: 4156
	Involuntary context switches: 70
	Swaps: 0
	File system inputs: 0
	File system outputs: 16392
	Socket messages sent: 0
	Socket messages received: 0
	Signals delivered: 0
	Page size (bytes): 4096
	Exit status: 0
	Command being timed: "./mandelbrot_scal_omp24"
	User time (seconds): 1.32
	System time (seconds): 0.65
	Percent of CPU this job got: 77%
	Elapsed (wall clock) time (ss): 02.56
	Average shared text size (kbytes): 0
	Average unshared data size (kbytes): 0
	Average stack size (kbytes): 0
	Average total size (kbytes): 0
	Maximum resident set size (kbytes): 212544
	Average resident set size (kbytes): 0
	Major (requiring I/O) page faults: 0
	Minor (reclaiming a frame) page faults: 38944
	Voluntary context switches: 4681
	Involuntary context switches: 67
	Swaps: 0
	File system inputs: 0
	File system outputs: 16392
	Socket messages sent: 0
	Socket messages received: 0
	Signals delivered: 0
	Page size (bytes): 4096
	Exit status: 0
