	Command being timed: "mpirun -np 2 ./mandelbrot_hybrid"
	User time (seconds): 1.24
	System time (seconds): 1.53
	Percent of CPU this job got: 38%
	Elapsed (wall clock) time (h:mm:ss or m:ss): 0:07.18
	Average shared text size (kbytes): 0
	Average unshared data size (kbytes): 0
	Average stack size (kbytes): 0
	Average total size (kbytes): 0
	Maximum resident set size (kbytes): 211532
	Average resident set size (kbytes): 0
	Major (requiring I/O) page faults: 114
	Minor (reclaiming a frame) page faults: 81711
	Voluntary context switches: 7372
	Involuntary context switches: 960
	Swaps: 0
	File system inputs: 0
	File system outputs: 16392
	Socket messages sent: 0
	Socket messages received: 0
	Signals delivered: 0
	Page size (bytes): 4096
	Exit status: 0
	Command being timed: "mpirun -np 2 ./mandelbrot_hybrid"
	User time (seconds): 1.08
	System time (seconds): 1.01
	Percent of CPU this job got: 54%
	Elapsed (wall clock) time (h:mm:ss or m:ss): 0:03.83
	Average shared text size (kbytes): 0
	Average unshared data size (kbytes): 0
	Average stack size (kbytes): 0
	Average total size (kbytes): 0
	Maximum resident set size (kbytes): 211528
	Average resident set size (kbytes): 0
	Major (requiring I/O) page faults: 7
	Minor (reclaiming a frame) page faults: 78282
	Voluntary context switches: 7038
	Involuntary context switches: 829
	Swaps: 0
	File system inputs: 0
	File system outputs: 16392
	Socket messages sent: 0
	Socket messages received: 0
	Signals delivered: 0
	Page size (bytes): 4096
	Exit status: 0
	Command being timed: "mpirun -np 2 ./mandelbrot_hybrid"
	User time (seconds): 1.09
	System time (seconds): 1.01
	Percent of CPU this job got: 55%
	Elapsed (wall clock) time (h:mm:ss or m:ss): 0:03.81
	Average shared text size (kbytes): 0
	Average unshared data size (kbytes): 0
	Average stack size (kbytes): 0
	Average total size (kbytes): 0
	Maximum resident set size (kbytes): 211516
	Average resident set size (kbytes): 0
	Major (requiring I/O) page faults: 1
	Minor (reclaiming a frame) page faults: 78355
	Voluntary context switches: 7007
	Involuntary context switches: 817
	Swaps: 0
	File system inputs: 0
	File system outputs: 16392
	Socket messages sent: 0
	Socket messages received: 0
	Signals delivered: 0
	Page size (bytes): 4096
	Exit status: 0
	Command being timed: "mpirun -np 2 ./mandelbrot_hybrid"
	User time (seconds): 1.12
	System time (seconds): 0.99
	Percent of CPU this job got: 55%
	Elapsed (wall clock) time (h:mm:ss or m:ss): 0:03.82
	Average shared text size (kbytes): 0
	Average unshared data size (kbytes): 0
	Average stack size (kbytes): 0
	Average total size (kbytes): 0
	Maximum resident set size (kbytes): 211696
	Average resident set size (kbytes): 0
	Major (requiring I/O) page faults: 4
	Minor (reclaiming a frame) page faults: 78395
	Voluntary context switches: 7014
	Involuntary context switches: 915
	Swaps: 0
	File system inputs: 0
	File system outputs: 16392
	Socket messages sent: 0
	Socket messages received: 0
	Signals delivered: 0
	Page size (bytes): 4096
	Exit status: 0
	Command being timed: "mpirun -np 2 ./mandelbrot_hybrid"
	User time (seconds): 1.07
	System time (seconds): 1.03
	Percent of CPU this job got: 54%
	Elapsed (wall clock) time (h:mm:ss or m:ss): 0:03.85
	Average shared text size (kbytes): 0
	Average unshared data size (kbytes): 0
	Average stack size (kbytes): 0
	Average total size (kbytes): 0
	Maximum resident set size (kbytes): 211532
	Average resident set size (kbytes): 0
	Major (requiring I/O) page faults: 6
	Minor (reclaiming a frame) page faults: 78366
	Voluntary context switches: 7050
	Involuntary context switches: 938
	Swaps: 0
	File system inputs: 0
	File system outputs: 16392
	Socket messages sent: 0
	Socket messages received: 0
	Signals delivered: 0
	Page size (bytes): 4096
	Exit status: 0
	Command being timed: "mpirun -np 4 ./mandelbrot_hybrid"
	User time (seconds): 2.12
	System time (seconds): 2.06
	Percent of CPU this job got: 108%
	Elapsed (wall clock) time (h:mm:ss or m:ss): 0:03.84
	Average shared text size (kbytes): 0
	Average unshared data size (kbytes): 0
	Average stack size (kbytes): 0
	Average total size (kbytes): 0
	Maximum resident set size (kbytes): 208888
	Average resident set size (kbytes): 0
	Major (requiring I/O) page faults: 18
	Minor (reclaiming a frame) page faults: 148292
	Voluntary context switches: 14624
	Involuntary context switches: 251
	Swaps: 0
	File system inputs: 0
	File system outputs: 16392
	Socket messages sent: 0
	Socket messages received: 0
	Signals delivered: 0
	Page size (bytes): 4096
	Exit status: 0
	Command being timed: "mpirun -np 4 ./mandelbrot_hybrid"
	User time (seconds): 1.84
	System time (seconds): 2.08
	Percent of CPU this job got: 106%
	Elapsed (wall clock) time (h:mm:ss or m:ss): 0:03.68
	Average shared text size (kbytes): 0
	Average unshared data size (kbytes): 0
	Average stack size (kbytes): 0
	Average total size (kbytes): 0
	Maximum resident set size (kbytes): 208912
	Average resident set size (kbytes): 0
	Major (requiring I/O) page faults: 11
	Minor (reclaiming a frame) page faults: 148455
	Voluntary context switches: 14429
	Involuntary context switches: 255
	Swaps: 0
	File system inputs: 0
	File system outputs: 16392
	Socket messages sent: 0
	Socket messages received: 0
	Signals delivered: 0
	Page size (bytes): 4096
	Exit status: 0
	Command being timed: "mpirun -np 4 ./mandelbrot_hybrid"
	User time (seconds): 1.86
	System time (seconds): 2.05
	Percent of CPU this job got: 114%
	Elapsed (wall clock) time (h:mm:ss or m:ss): 0:03.44
	Average shared text size (kbytes): 0
	Average unshared data size (kbytes): 0
	Average stack size (kbytes): 0
	Average total size (kbytes): 0
	Maximum resident set size (kbytes): 209164
	Average resident set size (kbytes): 0
	Major (requiring I/O) page faults: 4
	Minor (reclaiming a frame) page faults: 148258
	Voluntary context switches: 14494
	Involuntary context switches: 287
	Swaps: 0
	File system inputs: 0
	File system outputs: 16392
	Socket messages sent: 0
	Socket messages received: 0
	Signals delivered: 0
	Page size (bytes): 4096
	Exit status: 0
	Command being timed: "mpirun -np 4 ./mandelbrot_hybrid"
	User time (seconds): 2.22
	System time (seconds): 2.01
	Percent of CPU this job got: 119%
	Elapsed (wall clock) time (h:mm:ss or m:ss): 0:03.56
	Average shared text size (kbytes): 0
	Average unshared data size (kbytes): 0
	Average stack size (kbytes): 0
	Average total size (kbytes): 0
	Maximum resident set size (kbytes): 208772
	Average resident set size (kbytes): 0
	Major (requiring I/O) page faults: 1
	Minor (reclaiming a frame) page faults: 148290
	Voluntary context switches: 14345
	Involuntary context switches: 316
	Swaps: 0
	File system inputs: 0
	File system outputs: 16392
	Socket messages sent: 0
	Socket messages received: 0
	Signals delivered: 0
	Page size (bytes): 4096
	Exit status: 0
	Command being timed: "mpirun -np 4 ./mandelbrot_hybrid"
	User time (seconds): 2.91
	System time (seconds): 2.01
	Percent of CPU this job got: 140%
	Elapsed (wall clock) time (h:mm:ss or m:ss): 0:03.51
	Average shared text size (kbytes): 0
	Average unshared data size (kbytes): 0
	Average stack size (kbytes): 0
	Average total size (kbytes): 0
	Maximum resident set size (kbytes): 208680
	Average resident set size (kbytes): 0
	Major (requiring I/O) page faults: 5
	Minor (reclaiming a frame) page faults: 148390
	Voluntary context switches: 14496
	Involuntary context switches: 393
	Swaps: 0
	File system inputs: 0
	File system outputs: 16392
	Socket messages sent: 0
	Socket messages received: 0
	Signals delivered: 0
	Page size (bytes): 4096
	Exit status: 0
	Command being timed: "mpirun -np 8 ./mandelbrot_hybrid"
	User time (seconds): 3.22
	System time (seconds): 3.99
	Percent of CPU this job got: 189%
	Elapsed (wall clock) time (h:mm:ss or m:ss): 0:03.80
	Average shared text size (kbytes): 0
	Average unshared data size (kbytes): 0
	Average stack size (kbytes): 0
	Average total size (kbytes): 0
	Maximum resident set size (kbytes): 185520
	Average resident set size (kbytes): 0
	Major (requiring I/O) page faults: 19
	Minor (reclaiming a frame) page faults: 287103
	Voluntary context switches: 33332
	Involuntary context switches: 468
	Swaps: 0
	File system inputs: 0
	File system outputs: 16392
	Socket messages sent: 0
	Socket messages received: 0
	Signals delivered: 0
	Page size (bytes): 4096
	Exit status: 0
	Command being timed: "mpirun -np 8 ./mandelbrot_hybrid"
	User time (seconds): 2.62
	System time (seconds): 3.98
	Percent of CPU this job got: 182%
	Elapsed (wall clock) time (h:mm:ss or m:ss): 0:03.61
	Average shared text size (kbytes): 0
	Average unshared data size (kbytes): 0
	Average stack size (kbytes): 0
	Average total size (kbytes): 0
	Maximum resident set size (kbytes): 185260
	Average resident set size (kbytes): 0
	Major (requiring I/O) page faults: 17
	Minor (reclaiming a frame) page faults: 287147
	Voluntary context switches: 31275
	Involuntary context switches: 470
	Swaps: 0
	File system inputs: 0
	File system outputs: 16392
	Socket messages sent: 0
	Socket messages received: 0
	Signals delivered: 0
	Page size (bytes): 4096
	Exit status: 0
	Command being timed: "mpirun -np 8 ./mandelbrot_hybrid"
	User time (seconds): 2.73
	System time (seconds): 3.99
	Percent of CPU this job got: 199%
	Elapsed (wall clock) time (h:mm:ss or m:ss): 0:03.36
	Average shared text size (kbytes): 0
	Average unshared data size (kbytes): 0
	Average stack size (kbytes): 0
	Average total size (kbytes): 0
	Maximum resident set size (kbytes): 185448
	Average resident set size (kbytes): 0
	Major (requiring I/O) page faults: 12
	Minor (reclaiming a frame) page faults: 286853
	Voluntary context switches: 29775
	Involuntary context switches: 532
	Swaps: 0
	File system inputs: 0
	File system outputs: 16392
	Socket messages sent: 0
	Socket messages received: 0
	Signals delivered: 0
	Page size (bytes): 4096
	Exit status: 0
	Command being timed: "mpirun -np 8 ./mandelbrot_hybrid"
	User time (seconds): 3.40
	System time (seconds): 3.87
	Percent of CPU this job got: 211%
	Elapsed (wall clock) time (h:mm:ss or m:ss): 0:03.44
	Average shared text size (kbytes): 0
	Average unshared data size (kbytes): 0
	Average stack size (kbytes): 0
	Average total size (kbytes): 0
	Maximum resident set size (kbytes): 185400
	Average resident set size (kbytes): 0
	Major (requiring I/O) page faults: 14
	Minor (reclaiming a frame) page faults: 287232
	Voluntary context switches: 29538
	Involuntary context switches: 875
	Swaps: 0
	File system inputs: 0
	File system outputs: 16392
	Socket messages sent: 0
	Socket messages received: 0
	Signals delivered: 0
	Page size (bytes): 4096
	Exit status: 0
	Command being timed: "mpirun -np 8 ./mandelbrot_hybrid"
	User time (seconds): 4.40
	System time (seconds): 4.05
	Percent of CPU this job got: 238%
	Elapsed (wall clock) time (h:mm:ss or m:ss): 0:03.55
	Average shared text size (kbytes): 0
	Average unshared data size (kbytes): 0
	Average stack size (kbytes): 0
	Average total size (kbytes): 0
	Maximum resident set size (kbytes): 185516
	Average resident set size (kbytes): 0
	Major (requiring I/O) page faults: 16
	Minor (reclaiming a frame) page faults: 287228
	Voluntary context switches: 29183
	Involuntary context switches: 1857
	Swaps: 0
	File system inputs: 0
	File system outputs: 16392
	Socket messages sent: 0
	Socket messages received: 0
	Signals delivered: 0
	Page size (bytes): 4096
	Exit status: 0
	Command being timed: "mpirun -np 16 ./mandelbrot_hybrid"
	User time (seconds): 3.84
	System time (seconds): 6.07
	Percent of CPU this job got: 251%
	Elapsed (wall clock) time (h:mm:ss or m:ss): 0:03.93
	Average shared text size (kbytes): 0
	Average unshared data size (kbytes): 0
	Average stack size (kbytes): 0
	Average total size (kbytes): 0
	Maximum resident set size (kbytes): 202796
	Average resident set size (kbytes): 0
	Major (requiring I/O) page faults: 22
	Minor (reclaiming a frame) page faults: 426897
	Voluntary context switches: 80716
	Involuntary context switches: 716
	Swaps: 0
	File system inputs: 0
	File system outputs: 16392
	Socket messages sent: 0
	Socket messages received: 0
	Signals delivered: 0
	Page size (bytes): 4096
	Exit status: 0
	Command being timed: "mpirun -np 16 ./mandelbrot_hybrid"
	User time (seconds): 3.32
	System time (seconds): 6.51
	Percent of CPU this job got: 268%
	Elapsed (wall clock) time (h:mm:ss or m:ss): 0:03.65
	Average shared text size (kbytes): 0
	Average unshared data size (kbytes): 0
	Average stack size (kbytes): 0
	Average total size (kbytes): 0
	Maximum resident set size (kbytes): 202700
	Average resident set size (kbytes): 0
	Major (requiring I/O) page faults: 33
	Minor (reclaiming a frame) page faults: 426750
	Voluntary context switches: 57805
	Involuntary context switches: 685
	Swaps: 0
	File system inputs: 0
	File system outputs: 16392
	Socket messages sent: 0
	Socket messages received: 0
	Signals delivered: 0
	Page size (bytes): 4096
	Exit status: 0
	Command being timed: "mpirun -np 16 ./mandelbrot_hybrid"
	User time (seconds): 3.50
	System time (seconds): 6.20
	Percent of CPU this job got: 275%
	Elapsed (wall clock) time (h:mm:ss or m:ss): 0:03.52
	Average shared text size (kbytes): 0
	Average unshared data size (kbytes): 0
	Average stack size (kbytes): 0
	Average total size (kbytes): 0
	Maximum resident set size (kbytes): 202828
	Average resident set size (kbytes): 0
	Major (requiring I/O) page faults: 32
	Minor (reclaiming a frame) page faults: 426831
	Voluntary context switches: 62529
	Involuntary context switches: 1104
	Swaps: 0
	File system inputs: 0
	File system outputs: 16392
	Socket messages sent: 0
	Socket messages received: 0
	Signals delivered: 0
	Page size (bytes): 4096
	Exit status: 0
	Command being timed: "mpirun -np 16 ./mandelbrot_hybrid"
	User time (seconds): 4.59
	System time (seconds): 6.34
	Percent of CPU this job got: 310%
	Elapsed (wall clock) time (h:mm:ss or m:ss): 0:03.52
	Average shared text size (kbytes): 0
	Average unshared data size (kbytes): 0
	Average stack size (kbytes): 0
	Average total size (kbytes): 0
	Maximum resident set size (kbytes): 202508
	Average resident set size (kbytes): 0
	Major (requiring I/O) page faults: 38
	Minor (reclaiming a frame) page faults: 426920
	Voluntary context switches: 54897
	Involuntary context switches: 1911
	Swaps: 0
	File system inputs: 0
	File system outputs: 16392
	Socket messages sent: 0
	Socket messages received: 0
	Signals delivered: 0
	Page size (bytes): 4096
	Exit status: 0
	Command being timed: "mpirun -np 16 ./mandelbrot_hybrid"
	User time (seconds): 6.35
	System time (seconds): 5.80
	Percent of CPU this job got: 329%
	Elapsed (wall clock) time (h:mm:ss or m:ss): 0:03.69
	Average shared text size (kbytes): 0
	Average unshared data size (kbytes): 0
	Average stack size (kbytes): 0
	Average total size (kbytes): 0
	Maximum resident set size (kbytes): 202968
	Average resident set size (kbytes): 0
	Major (requiring I/O) page faults: 22
	Minor (reclaiming a frame) page faults: 427094
	Voluntary context switches: 74935
	Involuntary context switches: 2766
	Swaps: 0
	File system inputs: 0
	File system outputs: 16392
	Socket messages sent: 0
	Socket messages received: 0
	Signals delivered: 0
	Page size (bytes): 4096
	Exit status: 0
free(): invalid next size (normal)
[thin004:1700241] *** Process received signal ***
[thin004:1700241] Signal: Aborted (6)
[thin004:1700241] Signal code:  (-6)
[thin004:1700241] [ 0] /lib64/libc.so.6(+0x3cb60)[0x7f1360e29b60]
[thin004:1700241] [ 1] /lib64/libc.so.6(+0x8cecc)[0x7f1360e79ecc]
[thin004:1700241] [ 2] /lib64/libc.so.6(gsignal+0x16)[0x7f1360e29ab6]
[thin004:1700241] [ 3] /lib64/libc.so.6(abort+0xd7)[0x7f1360e137fc]
[thin004:1700241] [ 4] /lib64/libc.so.6(+0x810fe)[0x7f1360e6e0fe]
[thin004:1700241] [ 5] /lib64/libc.so.6(+0x96c0c)[0x7f1360e83c0c]
[thin004:1700241] [ 6] /lib64/libc.so.6(+0x98b9c)[0x7f1360e85b9c]
[thin004:1700241] [ 7] /lib64/libc.so.6(__libc_free+0x73)[0x7f1360e883d3]
[thin004:1700241] [ 8] ./mandelbrot_hybrid[0x40165e]
[thin004:1700241] [ 9] /lib64/libc.so.6(+0x27550)[0x7f1360e14550]
[thin004:1700241] [10] /lib64/libc.so.6(__libc_start_main+0x89)[0x7f1360e14609]
[thin004:1700241] [11] ./mandelbrot_hybrid[0x401165]
[thin004:1700241] *** End of error message ***
--------------------------------------------------------------------------
Primary job  terminated normally, but 1 process returned
a non-zero exit code. Per user-direction, the job has been aborted.
--------------------------------------------------------------------------
--------------------------------------------------------------------------
mpirun noticed that process rank 0 with PID 0 on node thin004 exited on signal 6 (Aborted).
--------------------------------------------------------------------------
Command exited with non-zero status 134
	Command being timed: "mpirun -np 24 ./mandelbrot_hybrid"
	User time (seconds): 11.15
	System time (seconds): 9.91
	Percent of CPU this job got: 381%
	Elapsed (wall clock) time (h:mm:ss or m:ss): 0:05.52
	Average shared text size (kbytes): 0
	Average unshared data size (kbytes): 0
	Average stack size (kbytes): 0
	Average total size (kbytes): 0
	Maximum resident set size (kbytes): 227956
	Average resident set size (kbytes): 0
	Major (requiring I/O) page faults: 15
	Minor (reclaiming a frame) page faults: 430640
	Voluntary context switches: 107943
	Involuntary context switches: 701
	Swaps: 0
	File system inputs: 0
	File system outputs: 16400
	Socket messages sent: 0
	Socket messages received: 0
	Signals delivered: 0
	Page size (bytes): 4096
	Exit status: 134
free(): invalid next size (normal)
[thin004:1700333] *** Process received signal ***
[thin004:1700333] Signal: Aborted (6)
[thin004:1700333] Signal code:  (-6)
[thin004:1700333] [ 0] /lib64/libc.so.6(+0x3cb60)[0x7f4f3459bb60]
[thin004:1700333] [ 1] /lib64/libc.so.6(+0x8cecc)[0x7f4f345ebecc]
[thin004:1700333] [ 2] /lib64/libc.so.6(gsignal+0x16)[0x7f4f3459bab6]
[thin004:1700333] [ 3] /lib64/libc.so.6(abort+0xd7)[0x7f4f345857fc]
[thin004:1700333] [ 4] /lib64/libc.so.6(+0x810fe)[0x7f4f345e00fe]
[thin004:1700333] [ 5] /lib64/libc.so.6(+0x96c0c)[0x7f4f345f5c0c]
[thin004:1700333] [ 6] /lib64/libc.so.6(+0x98b9c)[0x7f4f345f7b9c]
[thin004:1700333] [ 7] /lib64/libc.so.6(__libc_free+0x73)[0x7f4f345fa3d3]
[thin004:1700333] [ 8] ./mandelbrot_hybrid[0x40165e]
[thin004:1700333] [ 9] /lib64/libc.so.6(+0x27550)[0x7f4f34586550]
[thin004:1700333] [10] /lib64/libc.so.6(__libc_start_main+0x89)[0x7f4f34586609]
[thin004:1700333] [11] ./mandelbrot_hybrid[0x401165]
[thin004:1700333] *** End of error message ***
--------------------------------------------------------------------------
Primary job  terminated normally, but 1 process returned
a non-zero exit code. Per user-direction, the job has been aborted.
--------------------------------------------------------------------------
--------------------------------------------------------------------------
mpirun noticed that process rank 0 with PID 0 on node thin004 exited on signal 6 (Aborted).
--------------------------------------------------------------------------
Command exited with non-zero status 134
	Command being timed: "mpirun -np 24 ./mandelbrot_hybrid"
	User time (seconds): 10.79
	System time (seconds): 9.56
	Percent of CPU this job got: 391%
	Elapsed (wall clock) time (h:mm:ss or m:ss): 0:05.19
	Average shared text size (kbytes): 0
	Average unshared data size (kbytes): 0
	Average stack size (kbytes): 0
	Average total size (kbytes): 0
	Maximum resident set size (kbytes): 228200
	Average resident set size (kbytes): 0
	Major (requiring I/O) page faults: 20
	Minor (reclaiming a frame) page faults: 430590
	Voluntary context switches: 94493
	Involuntary context switches: 754
	Swaps: 0
	File system inputs: 0
	File system outputs: 16400
	Socket messages sent: 0
	Socket messages received: 0
	Signals delivered: 0
	Page size (bytes): 4096
	Exit status: 134
free(): invalid next size (normal)
[thin004:1700433] *** Process received signal ***
[thin004:1700433] Signal: Aborted (6)
[thin004:1700433] Signal code:  (-6)
[thin004:1700433] [ 0] /lib64/libc.so.6(+0x3cb60)[0x7fb5c9237b60]
[thin004:1700433] [ 1] /lib64/libc.so.6(+0x8cecc)[0x7fb5c9287ecc]
[thin004:1700433] [ 2] /lib64/libc.so.6(gsignal+0x16)[0x7fb5c9237ab6]
[thin004:1700433] [ 3] /lib64/libc.so.6(abort+0xd7)[0x7fb5c92217fc]
[thin004:1700433] [ 4] /lib64/libc.so.6(+0x810fe)[0x7fb5c927c0fe]
[thin004:1700433] [ 5] /lib64/libc.so.6(+0x96c0c)[0x7fb5c9291c0c]
[thin004:1700433] [ 6] /lib64/libc.so.6(+0x98b9c)[0x7fb5c9293b9c]
[thin004:1700433] [ 7] /lib64/libc.so.6(__libc_free+0x73)[0x7fb5c92963d3]
[thin004:1700433] [ 8] ./mandelbrot_hybrid[0x40165e]
[thin004:1700433] [ 9] /lib64/libc.so.6(+0x27550)[0x7fb5c9222550]
[thin004:1700433] [10] /lib64/libc.so.6(__libc_start_main+0x89)[0x7fb5c9222609]
[thin004:1700433] [11] ./mandelbrot_hybrid[0x401165]
[thin004:1700433] *** End of error message ***
--------------------------------------------------------------------------
Primary job  terminated normally, but 1 process returned
a non-zero exit code. Per user-direction, the job has been aborted.
--------------------------------------------------------------------------
--------------------------------------------------------------------------
mpirun noticed that process rank 0 with PID 0 on node thin004 exited on signal 6 (Aborted).
--------------------------------------------------------------------------
Command exited with non-zero status 134
	Command being timed: "mpirun -np 24 ./mandelbrot_hybrid"
	User time (seconds): 11.29
	System time (seconds): 9.73
	Percent of CPU this job got: 398%
	Elapsed (wall clock) time (h:mm:ss or m:ss): 0:05.27
	Average shared text size (kbytes): 0
	Average unshared data size (kbytes): 0
	Average stack size (kbytes): 0
	Average total size (kbytes): 0
	Maximum resident set size (kbytes): 228004
	Average resident set size (kbytes): 0
	Major (requiring I/O) page faults: 19
	Minor (reclaiming a frame) page faults: 430709
	Voluntary context switches: 100920
	Involuntary context switches: 1242
	Swaps: 0
	File system inputs: 0
	File system outputs: 16400
	Socket messages sent: 0
	Socket messages received: 0
	Signals delivered: 0
	Page size (bytes): 4096
	Exit status: 134
free(): invalid next size (normal)
[thin004:1700570] *** Process received signal ***
[thin004:1700570] Signal: Aborted (6)
[thin004:1700570] Signal code:  (-6)
[thin004:1700570] [ 0] /lib64/libc.so.6(+0x3cb60)[0x7fcee170db60]
[thin004:1700570] [ 1] /lib64/libc.so.6(+0x8cecc)[0x7fcee175decc]
[thin004:1700570] [ 2] /lib64/libc.so.6(gsignal+0x16)[0x7fcee170dab6]
[thin004:1700570] [ 3] /lib64/libc.so.6(abort+0xd7)[0x7fcee16f77fc]
[thin004:1700570] [ 4] /lib64/libc.so.6(+0x810fe)[0x7fcee17520fe]
[thin004:1700570] [ 5] /lib64/libc.so.6(+0x96c0c)[0x7fcee1767c0c]
[thin004:1700570] [ 6] /lib64/libc.so.6(+0x98b9c)[0x7fcee1769b9c]
[thin004:1700570] [ 7] /lib64/libc.so.6(__libc_free+0x73)[0x7fcee176c3d3]
[thin004:1700570] [ 8] ./mandelbrot_hybrid[0x40165e]
[thin004:1700570] [ 9] /lib64/libc.so.6(+0x27550)[0x7fcee16f8550]
[thin004:1700570] [10] /lib64/libc.so.6(__libc_start_main+0x89)[0x7fcee16f8609]
[thin004:1700570] [11] ./mandelbrot_hybrid[0x401165]
[thin004:1700570] *** End of error message ***
--------------------------------------------------------------------------
Primary job  terminated normally, but 1 process returned
a non-zero exit code. Per user-direction, the job has been aborted.
--------------------------------------------------------------------------
--------------------------------------------------------------------------
mpirun noticed that process rank 0 with PID 0 on node thin004 exited on signal 6 (Aborted).
--------------------------------------------------------------------------
Command exited with non-zero status 134
	Command being timed: "mpirun -np 24 ./mandelbrot_hybrid"
	User time (seconds): 12.51
	System time (seconds): 10.03
	Percent of CPU this job got: 16%
	Elapsed (wall clock) time (h:mm:ss or m:ss): 2:13.30
	Average shared text size (kbytes): 0
	Average unshared data size (kbytes): 0
	Average stack size (kbytes): 0
	Average total size (kbytes): 0
	Maximum resident set size (kbytes): 228568
	Average resident set size (kbytes): 0
	Major (requiring I/O) page faults: 36
	Minor (reclaiming a frame) page faults: 430775
	Voluntary context switches: 97042
	Involuntary context switches: 1664
	Swaps: 0
	File system inputs: 0
	File system outputs: 16400
	Socket messages sent: 0
	Socket messages received: 0
	Signals delivered: 0
	Page size (bytes): 4096
	Exit status: 134
free(): invalid next size (normal)
[thin004:1700742] *** Process received signal ***
[thin004:1700742] Signal: Aborted (6)
[thin004:1700742] Signal code:  (-6)
[thin004:1700742] [ 0] /lib64/libc.so.6(+0x3cb60)[0x7f47f18d9b60]
[thin004:1700742] [ 1] /lib64/libc.so.6(+0x8cecc)[0x7f47f1929ecc]
[thin004:1700742] [ 2] /lib64/libc.so.6(gsignal+0x16)[0x7f47f18d9ab6]
[thin004:1700742] [ 3] /lib64/libc.so.6(abort+0xd7)[0x7f47f18c37fc]
[thin004:1700742] [ 4] /lib64/libc.so.6(+0x810fe)[0x7f47f191e0fe]
[thin004:1700742] [ 5] /lib64/libc.so.6(+0x96c0c)[0x7f47f1933c0c]
[thin004:1700742] [ 6] /lib64/libc.so.6(+0x98b9c)[0x7f47f1935b9c]
[thin004:1700742] [ 7] /lib64/libc.so.6(__libc_free+0x73)[0x7f47f19383d3]
[thin004:1700742] [ 8] ./mandelbrot_hybrid[0x40165e]
[thin004:1700742] [ 9] /lib64/libc.so.6(+0x27550)[0x7f47f18c4550]
[thin004:1700742] [10] /lib64/libc.so.6(__libc_start_main+0x89)[0x7f47f18c4609]
[thin004:1700742] [11] ./mandelbrot_hybrid[0x401165]
[thin004:1700742] *** End of error message ***
--------------------------------------------------------------------------
Primary job  terminated normally, but 1 process returned
a non-zero exit code. Per user-direction, the job has been aborted.
--------------------------------------------------------------------------
--------------------------------------------------------------------------
mpirun noticed that process rank 0 with PID 0 on node thin004 exited on signal 6 (Aborted).
--------------------------------------------------------------------------
Command exited with non-zero status 134
	Command being timed: "mpirun -np 24 ./mandelbrot_hybrid"
	User time (seconds): 13.88
	System time (seconds): 9.81
	Percent of CPU this job got: 435%
	Elapsed (wall clock) time (h:mm:ss or m:ss): 0:05.44
	Average shared text size (kbytes): 0
	Average unshared data size (kbytes): 0
	Average stack size (kbytes): 0
	Average total size (kbytes): 0
	Maximum resident set size (kbytes): 228288
	Average resident set size (kbytes): 0
	Major (requiring I/O) page faults: 22
	Minor (reclaiming a frame) page faults: 430990
	Voluntary context switches: 102545
	Involuntary context switches: 2667
	Swaps: 0
	File system inputs: 0
	File system outputs: 16408
	Socket messages sent: 0
	Socket messages received: 0
	Signals delivered: 0
	Page size (bytes): 4096
	Exit status: 134
