	Command being timed: "mpirun -np 1 ./mandelbrot_scal_mpi"
	User time (seconds): 0.91
	System time (seconds): 0.47
	Percent of CPU this job got: 47%
	Elapsed (wall clock) time (hmmss or mss): 02.93
	Average shared text size (kbytes): 0
	Average unshared data size (kbytes): 0
	Average stack size (kbytes): 0
	Average total size (kbytes): 0
	Maximum resident set size (kbytes): 215500
	Average resident set size (kbytes): 0
	Major (requiring I/O) page faults: 0
	Minor (reclaiming a frame) page faults: 45760
	Voluntary context switches: 3521
	Involuntary context switches: 400
	Swaps: 0
	File system inputs: 0
	File system outputs: 16392
	Socket messages sent: 0
	Socket messages received: 0
	Signals delivered: 0
	Page size (bytes): 4096
	Exit status: 0
	Command being timed: "mpirun -np 2 ./mandelbrot_scal_mpi"
	User time (seconds): 1.04
	System time (seconds): 0.89
	Percent of CPU this job got: 74%
	Elapsed (wall clock) time (hmmss or mss): 02.60
	Average shared text size (kbytes): 0
	Average unshared data size (kbytes): 0
	Average stack size (kbytes): 0
	Average total size (kbytes): 0
	Maximum resident set size (kbytes): 211396
	Average resident set size (kbytes): 0
	Major (requiring I/O) page faults: 7
	Minor (reclaiming a frame) page faults: 78264
	Voluntary context switches: 7403
	Involuntary context switches: 761
	Swaps: 0
	File system inputs: 0
	File system outputs: 16392
	Socket messages sent: 0
	Socket messages received: 0
	Signals delivered: 0
	Page size (bytes): 4096
	Exit status: 0
	Command being timed: "mpirun -np 4 ./mandelbrot_scal_mpi"
	User time (seconds): 2.72
	System time (seconds): 1.76
	Percent of CPU this job got: 195%
	Elapsed (wall clock) time (hmmss or mss): 02.29
	Average shared text size (kbytes): 0
	Average unshared data size (kbytes): 0
	Average stack size (kbytes): 0
	Average total size (kbytes): 0
	Maximum resident set size (kbytes): 208472
	Average resident set size (kbytes): 0
	Major (requiring I/O) page faults: 3
	Minor (reclaiming a frame) page faults: 148399
	Voluntary context switches: 14885
	Involuntary context switches: 372
	Swaps: 0
	File system inputs: 0
	File system outputs: 16392
	Socket messages sent: 0
	Socket messages received: 0
	Signals delivered: 0
	Page size (bytes): 4096
	Exit status: 0
	Command being timed: "mpirun -np 8 ./mandelbrot_scal_mpi"
	User time (seconds): 4.19
	System time (seconds): 3.41
	Percent of CPU this job got: 317%
	Elapsed (wall clock) time (hmmss or mss): 02.39
	Average shared text size (kbytes): 0
	Average unshared data size (kbytes): 0
	Average stack size (kbytes): 0
	Average total size (kbytes): 0
	Maximum resident set size (kbytes): 185352
	Average resident set size (kbytes): 0
	Major (requiring I/O) page faults: 19
	Minor (reclaiming a frame) page faults: 287025
	Voluntary context switches: 30578
	Involuntary context switches: 1693
	Swaps: 0
	File system inputs: 0
	File system outputs: 16392
	Socket messages sent: 0
	Socket messages received: 0
	Signals delivered: 0
	Page size (bytes): 4096
	Exit status: 0
	Command being timed: "mpirun -np 16 ./mandelbrot_scal_mpi"
	User time (seconds): 7.26
	System time (seconds): 7.23
	Percent of CPU this job got: 548%
	Elapsed (wall clock) time (hmmss or mss): 02.64
	Average shared text size (kbytes): 0
	Average unshared data size (kbytes): 0
	Average stack size (kbytes): 0
	Average total size (kbytes): 0
	Maximum resident set size (kbytes): 185176
	Average resident set size (kbytes): 0
	Major (requiring I/O) page faults: 31
	Minor (reclaiming a frame) page faults: 566498
	Voluntary context switches: 63834
	Involuntary context switches: 5306
	Swaps: 0
	File system inputs: 0
	File system outputs: 16392
	Socket messages sent: 0
	Socket messages received: 0
	Signals delivered: 0
	Page size (bytes): 4096
	Exit status: 0
	Command being timed: "mpirun -np 24 ./mandelbrot_scal_mpi"
	User time (seconds): 14.32
	System time (seconds): 9.48
	Percent of CPU this job got: 646%
	Elapsed (wall clock) time (hmmss or mss): 03.68
	Average shared text size (kbytes): 0
	Average unshared data size (kbytes): 0
	Average stack size (kbytes): 0
	Average total size (kbytes): 0
	Maximum resident set size (kbytes): 185240
	Average resident set size (kbytes): 0
	Major (requiring I/O) page faults: 16
	Minor (reclaiming a frame) page faults: 434904
	Voluntary context switches: 93221
	Involuntary context switches: 3811
	Swaps: 0
	File system inputs: 0
	File system outputs: 16400
	Socket messages sent: 0
	Socket messages received: 0
	Signals delivered: 0
	Page size (bytes): 4096
	Exit status: 134
	Command being timed: "mpirun -np 36 ./mandelbrot_scal_mpi"
	User time (seconds): 10.83
	System time (seconds): 11.86
	Percent of CPU this job got: 708%
	Elapsed (wall clock) time (hmmss or mss): 03.20
	Average shared text size (kbytes): 0
	Average unshared data size (kbytes): 0
	Average stack size (kbytes): 0
	Average total size (kbytes): 0
	Maximum resident set size (kbytes): 205816
	Average resident set size (kbytes): 0
	Major (requiring I/O) page faults: 46
	Minor (reclaiming a frame) page faults: 847819
	Voluntary context switches: 143443
	Involuntary context switches: 12883
	Swaps: 0
	File system inputs: 0
	File system outputs: 16392
	Socket messages sent: 0
	Socket messages received: 0
	Signals delivered: 0
	Page size (bytes): 4096
	Exit status: 0
	Command being timed: "mpirun -np 48 ./mandelbrot_scal_mpi"
	User time (seconds): 11.28
	System time (seconds): 12.30
	Percent of CPU this job got: 761%
	Elapsed (wall clock) time (hmmss or mss): 03.10
	Average shared text size (kbytes): 0
	Average unshared data size (kbytes): 0
	Average stack size (kbytes): 0
	Average total size (kbytes): 0
	Maximum resident set size (kbytes): 206416
	Average resident set size (kbytes): 0
	Major (requiring I/O) page faults: 69
	Minor (reclaiming a frame) page faults: 847095
	Voluntary context switches: 117526
	Involuntary context switches: 11609
	Swaps: 0
	File system inputs: 0
	File system outputs: 16392
	Socket messages sent: 0
	Socket messages received: 0
	Signals delivered: 0
	Page size (bytes): 4096
	Exit status: 0
