	Command being timed: "mpirun -np 1 ./mandelbrot_scal_mpi"
	User time (seconds): 0.92
	System time (seconds): 0.46
	Percent of CPU this job got: 47%
	Elapsed (wall clock) time (h:mm:ss or m:ss): 0:02.93
	Average shared text size (kbytes): 0
	Average unshared data size (kbytes): 0
	Average stack size (kbytes): 0
	Average total size (kbytes): 0
	Maximum resident set size (kbytes): 215504
	Average resident set size (kbytes): 0
	Major (requiring I/O) page faults: 0
	Minor (reclaiming a frame) page faults: 45763
	Voluntary context switches: 3520
	Involuntary context switches: 401
	Swaps: 0
	File system inputs: 0
	File system outputs: 16392
	Socket messages sent: 0
	Socket messages received: 0
	Signals delivered: 0
	Page size (bytes): 4096
	Exit status: 0
	Command being timed: "mpirun -np 2 ./mandelbrot_scal_mpi"
	User time (seconds): 1.04
	System time (seconds): 0.89
	Percent of CPU this job got: 75%
	Elapsed (wall clock) time (h:mm:ss or m:ss): 0:02.58
	Average shared text size (kbytes): 0
	Average unshared data size (kbytes): 0
	Average stack size (kbytes): 0
	Average total size (kbytes): 0
	Maximum resident set size (kbytes): 211548
	Average resident set size (kbytes): 0
	Major (requiring I/O) page faults: 8
	Minor (reclaiming a frame) page faults: 78276
	Voluntary context switches: 7355
	Involuntary context switches: 753
	Swaps: 0
	File system inputs: 0
	File system outputs: 16392
	Socket messages sent: 0
	Socket messages received: 0
	Signals delivered: 0
	Page size (bytes): 4096
	Exit status: 0
	Command being timed: "mpirun -np 4 ./mandelbrot_scal_mpi"
	User time (seconds): 2.61
	System time (seconds): 1.74
	Percent of CPU this job got: 188%
	Elapsed (wall clock) time (h:mm:ss or m:ss): 0:02.31
	Average shared text size (kbytes): 0
	Average unshared data size (kbytes): 0
	Average stack size (kbytes): 0
	Average total size (kbytes): 0
	Maximum resident set size (kbytes): 208804
	Average resident set size (kbytes): 0
	Major (requiring I/O) page faults: 27
	Minor (reclaiming a frame) page faults: 148396
	Voluntary context switches: 15079
	Involuntary context switches: 388
	Swaps: 0
	File system inputs: 0
	File system outputs: 16392
	Socket messages sent: 0
	Socket messages received: 0
	Signals delivered: 0
	Page size (bytes): 4096
	Exit status: 0
	Command being timed: "mpirun -np 8 ./mandelbrot_scal_mpi"
	User time (seconds): 4.25
	System time (seconds): 3.44
	Percent of CPU this job got: 311%
	Elapsed (wall clock) time (h:mm:ss or m:ss): 0:02.47
	Average shared text size (kbytes): 0
	Average unshared data size (kbytes): 0
	Average stack size (kbytes): 0
	Average total size (kbytes): 0
	Maximum resident set size (kbytes): 185112
	Average resident set size (kbytes): 0
	Major (requiring I/O) page faults: 22
	Minor (reclaiming a frame) page faults: 287336
	Voluntary context switches: 30916
	Involuntary context switches: 1257
	Swaps: 0
	File system inputs: 0
	File system outputs: 16392
	Socket messages sent: 0
	Socket messages received: 0
	Signals delivered: 0
	Page size (bytes): 4096
	Exit status: 0
	Command being timed: "mpirun -np 16 ./mandelbrot_scal_mpi"
	User time (seconds): 7.98
	System time (seconds): 7.45
	Percent of CPU this job got: 569%
	Elapsed (wall clock) time (h:mm:ss or m:ss): 0:02.71
	Average shared text size (kbytes): 0
	Average unshared data size (kbytes): 0
	Average stack size (kbytes): 0
	Average total size (kbytes): 0
	Maximum resident set size (kbytes): 185256
	Average resident set size (kbytes): 0
	Major (requiring I/O) page faults: 11
	Minor (reclaiming a frame) page faults: 566703
	Voluntary context switches: 66377
	Involuntary context switches: 5532
	Swaps: 0
	File system inputs: 0
	File system outputs: 16392
	Socket messages sent: 0
	Socket messages received: 0
	Signals delivered: 0
	Page size (bytes): 4096
	Exit status: 0
free(): invalid next size (normal)
[thin006:70310] *** Process received signal ***
[thin006:70310] Signal: Aborted (6)
[thin006:70310] Signal code:  (-6)
[thin006:70310] [ 0] /lib64/libc.so.6(+0x3cb60)[0x7f724305eb60]
[thin006:70310] [ 1] /lib64/libc.so.6(+0x8cecc)[0x7f72430aeecc]
[thin006:70310] [ 2] /lib64/libc.so.6(gsignal+0x16)[0x7f724305eab6]
[thin006:70310] [ 3] /lib64/libc.so.6(abort+0xd7)[0x7f72430487fc]
[thin006:70310] [ 4] /lib64/libc.so.6(+0x810fe)[0x7f72430a30fe]
[thin006:70310] [ 5] /lib64/libc.so.6(+0x96c0c)[0x7f72430b8c0c]
[thin006:70310] [ 6] /lib64/libc.so.6(+0x98b9c)[0x7f72430bab9c]
[thin006:70310] [ 7] /lib64/libc.so.6(__libc_free+0x73)[0x7f72430bd3d3]
[thin006:70310] [ 8] ./mandelbrot_scal_mpi[0x40165e]
[thin006:70310] [ 9] /lib64/libc.so.6(+0x27550)[0x7f7243049550]
[thin006:70310] [10] /lib64/libc.so.6(__libc_start_main+0x89)[0x7f7243049609]
[thin006:70310] [11] ./mandelbrot_scal_mpi[0x401165]
[thin006:70310] *** End of error message ***
--------------------------------------------------------------------------
Primary job  terminated normally, but 1 process returned
a non-zero exit code. Per user-direction, the job has been aborted.
--------------------------------------------------------------------------
--------------------------------------------------------------------------
mpirun noticed that process rank 0 with PID 0 on node thin006 exited on signal 6 (Aborted).
--------------------------------------------------------------------------
Command exited with non-zero status 134
	Command being timed: "mpirun -np 24 ./mandelbrot_scal_mpi"
	User time (seconds): 5.56
	System time (seconds): 3.93
	Percent of CPU this job got: 254%
	Elapsed (wall clock) time (h:mm:ss or m:ss): 0:03.72
	Average shared text size (kbytes): 0
	Average unshared data size (kbytes): 0
	Average stack size (kbytes): 0
	Average total size (kbytes): 0
	Maximum resident set size (kbytes): 184872
	Average resident set size (kbytes): 0
	Major (requiring I/O) page faults: 11
	Minor (reclaiming a frame) page faults: 189124
	Voluntary context switches: 37246
	Involuntary context switches: 1722
	Swaps: 0
	File system inputs: 0
	File system outputs: 16400
	Socket messages sent: 0
	Socket messages received: 0
	Signals delivered: 0
	Page size (bytes): 4096
	Exit status: 134
	Command being timed: "mpirun -np 36 ./mandelbrot_scal_mpi"
	User time (seconds): 10.50
	System time (seconds): 11.90
	Percent of CPU this job got: 743%
	Elapsed (wall clock) time (h:mm:ss or m:ss): 0:03.01
	Average shared text size (kbytes): 0
	Average unshared data size (kbytes): 0
	Average stack size (kbytes): 0
	Average total size (kbytes): 0
	Maximum resident set size (kbytes): 206612
	Average resident set size (kbytes): 0
	Major (requiring I/O) page faults: 60
	Minor (reclaiming a frame) page faults: 847808
	Voluntary context switches: 109305
	Involuntary context switches: 12691
	Swaps: 0
	File system inputs: 0
	File system outputs: 16392
	Socket messages sent: 0
	Socket messages received: 0
	Signals delivered: 0
	Page size (bytes): 4096
	Exit status: 0
	Command being timed: "mpirun -np 48 ./mandelbrot_scal_mpi"
	User time (seconds): 11.00
	System time (seconds): 12.15
	Percent of CPU this job got: 732%
	Elapsed (wall clock) time (h:mm:ss or m:ss): 0:03.16
	Average shared text size (kbytes): 0
	Average unshared data size (kbytes): 0
	Average stack size (kbytes): 0
	Average total size (kbytes): 0
	Maximum resident set size (kbytes): 206404
	Average resident set size (kbytes): 0
	Major (requiring I/O) page faults: 69
	Minor (reclaiming a frame) page faults: 847085
	Voluntary context switches: 129234
	Involuntary context switches: 14948
	Swaps: 0
	File system inputs: 0
	File system outputs: 16392
	Socket messages sent: 0
	Socket messages received: 0
	Signals delivered: 0
	Page size (bytes): 4096
	Exit status: 0
